{
  "RSpec": {
    "coverage": {
      "C:/Users/K/Downloads/2018-12-20-code/project/lib/depositors.rb": [
        null,
        null,
        1,
        null,
        null,
        1,
        1,
        12,
        null,
        null,
        1,
        0,
        0,
        null,
        null,
        null,
        null,
        1,
        0,
        0,
        0,
        null,
        null,
        1,
        8,
        null,
        null,
        1,
        7,
        null,
        null,
        1,
        0,
        0,
        0,
        null,
        null,
        null,
        1,
        1,
        null,
        null,
        1,
        3,
        null,
        null,
        1,
        1,
        null,
        null,
        1,
        2,
        2,
        2,
        null,
        2,
        null,
        null,
        1,
        2,
        2,
        2,
        null,
        2,
        null,
        null,
        1,
        2,
        2,
        2,
        null,
        2,
        null,
        null,
        1,
        1,
        null,
        null,
        1,
        1,
        1,
        3,
        null,
        1,
        null,
        null
      ],
      "C:/Users/K/Downloads/2018-12-20-code/project/lib/depositor.rb": [
        null,
        1,
        1,
        null,
        1,
        null,
        1,
        null,
        30,
        30,
        30,
        30,
        30,
        30,
        30,
        null,
        null
      ],
      "C:/Users/K/Downloads/2018-12-20-code/project/lib/deposits.rb": [
        1,
        1,
        null,
        null,
        1,
        1,
        7,
        null,
        null,
        1,
        0,
        0,
        0,
        0,
        null,
        0,
        null,
        0,
        null,
        null,
        null,
        1,
        0,
        0,
        0,
        null,
        null,
        1,
        0,
        0,
        0,
        null,
        null,
        null,
        1,
        6,
        null,
        null,
        1,
        1,
        null,
        null,
        1,
        2,
        2,
        3,
        null,
        2,
        null,
        null,
        1,
        2,
        null,
        null,
        1,
        1,
        null,
        null
      ],
      "C:/Users/K/Downloads/2018-12-20-code/project/lib/deposit.rb": [
        null,
        1,
        1,
        null,
        1,
        14,
        14,
        14,
        null,
        null
      ],
      "C:/Users/K/Downloads/2018-12-20-code/project/lib/query_processing.rb": [
        1,
        1,
        1,
        1,
        null,
        1,
        1,
        2,
        2,
        16,
        16,
        null,
        2,
        null,
        null,
        1,
        1,
        1,
        1,
        1,
        1,
        null,
        null,
        1,
        1,
        1,
        1,
        1,
        1,
        null,
        null,
        1,
        1,
        1,
        1,
        1,
        1,
        1,
        null,
        null,
        null,
        null
      ]
    },
    "timestamp": 1545746114
  }
}
