{
  "RSpec": {
    "coverage": {
      "C:/Users/K/Downloads/2018-12-20-code/project/lib/depositors.rb": [
        null,
        null,
        1,
        null,
        null,
        1,
        1,
        19,
        null,
        null,
        1,
        1,
        2,
        null,
        null,
        null,
        null,
        1,
        1,
        1,
        1,
        null,
        null,
        1,
        11,
        null,
        null,
        1,
        2,
        null,
        null,
        1,
        22,
        11,
        23,
        null,
        null,
        null,
        1,
        1,
        null,
        null,
        1,
        5,
        null,
        null,
        1,
        1,
        null,
        null,
        1,
        3,
        3,
        5,
        null,
        3,
        null,
        null,
        1,
        4,
        4,
        6,
        null,
        4,
        null,
        null,
        1,
        6,
        6,
        11,
        null,
        6,
        null,
        null,
        1,
        1,
        null,
        null
      ],
      "C:/Users/K/Downloads/2018-12-20-code/project/lib/depositor.rb": [
        null,
        1,
        1,
        null,
        1,
        null,
        1,
        null,
        33,
        33,
        33,
        33,
        33,
        33,
        33,
        null,
        null
      ],
      "C:/Users/K/Downloads/2018-12-20-code/project/lib/deposits.rb": [
        1,
        1,
        null,
        null,
        1,
        1,
        13,
        null,
        null,
        1,
        1,
        3,
        3,
        2,
        null,
        1,
        null,
        3,
        null,
        null,
        null,
        1,
        1,
        1,
        1,
        null,
        null,
        1,
        24,
        12,
        53,
        null,
        null,
        null,
        1,
        10,
        null,
        null,
        1,
        1,
        null,
        null,
        1,
        6,
        6,
        23,
        null,
        6,
        null,
        null,
        1,
        4,
        null,
        null,
        1,
        1,
        null,
        null
      ],
      "C:/Users/K/Downloads/2018-12-20-code/project/lib/deposit.rb": [
        null,
        1,
        1,
        null,
        1,
        21,
        21,
        21,
        null,
        null
      ],
      "C:/Users/K/Downloads/2018-12-20-code/project/lib/query_processing.rb": [
        1,
        1,
        1,
        1,
        null,
        1,
        1,
        4,
        4,
        2042,
        2042,
        null,
        4,
        null,
        null,
        1,
        2,
        2,
        2,
        2,
        2,
        null,
        null,
        1,
        2,
        2,
        2,
        2,
        2,
        null,
        null,
        1,
        3,
        3,
        3,
        3,
        3,
        2,
        null,
        null,
        null,
        null
      ],
      "C:/Users/K/Downloads/2018-12-20-code/project/app.rb": [
        1,
        1,
        1,
        1,
        1,
        1,
        1,
        null,
        1,
        null,
        1,
        1,
        1,
        null,
        null,
        1,
        10,
        10,
        10,
        10,
        10,
        null,
        null,
        1,
        2,
        null,
        null,
        1,
        2,
        2,
        0,
        0,
        0,
        null,
        2,
        1,
        null,
        1,
        null,
        2,
        2,
        2,
        null,
        null,
        1,
        1,
        1,
        null,
        null,
        1,
        1,
        1,
        0,
        0,
        null,
        1,
        null,
        null,
        1,
        1,
        null,
        null,
        1,
        0,
        0,
        null,
        null,
        1,
        0,
        0,
        0,
        null,
        null,
        1,
        2,
        null,
        null,
        1,
        2,
        null,
        null,
        2,
        null,
        null,
        1,
        1,
        1,
        null,
        null,
        1,
        1,
        1,
        1,
        1,
        1,
        null,
        null,
        1,
        1,
        1,
        null,
        null,
        1,
        1,
        1,
        1,
        1,
        1,
        1,
        null
      ],
      "C:/Users/K/Downloads/2018-12-20-code/project/lib/input_checker.rb": [
        1,
        null,
        1,
        1,
        0,
        0,
        null,
        null,
        1,
        8,
        8,
        8,
        null,
        0,
        null,
        null,
        1,
        4,
        4,
        4,
        null,
        null,
        0,
        null,
        null,
        1,
        9,
        null,
        null,
        1,
        0,
        0,
        0,
        0,
        null,
        null,
        null,
        null,
        1,
        2,
        2,
        0,
        null,
        2,
        0,
        null,
        2,
        0,
        null,
        2,
        null,
        null,
        1,
        2,
        2,
        2,
        0,
        null,
        2,
        null,
        null,
        1,
        1,
        1,
        0,
        null,
        1,
        0,
        null,
        1,
        0,
        null,
        1,
        0,
        null,
        1,
        0,
        null,
        1,
        0,
        null,
        1,
        null,
        null,
        1,
        1,
        1,
        1,
        0,
        null,
        1,
        0,
        null,
        1,
        0,
        null,
        1,
        null,
        null,
        null,
        null
      ]
    },
    "timestamp": 1545855255
  }
}
